<?xml version="1.0" encoding="UTF-8"?>
<!-- Generated by org.testng.reporters.JUnitReportReporter -->
<testsuite skipped="0" hostname="Isha58" name="testCase_UsedCarsFunctionality.usedCarsTabVisibleTest" tests="1" failures="0" timestamp="2022-04-04T22:44:20 IST" time="19.339" errors="0">
  <testcase name="usedCarsVisibleTest" time="19.339" classname="testCase_UsedCarsFunctionality.usedCarsTabVisibleTest"/>
  <system-out/>
</testsuite> <!-- testCase_UsedCarsFunctionality.usedCarsTabVisibleTest -->
