<?xml version="1.0" encoding="UTF-8"?>
<!-- Generated by org.testng.reporters.JUnitReportReporter -->
<testsuite skipped="0" hostname="Isha58" name="testCase_UsedCarsFunctionality.usedCarsPopularModelsTest" tests="1" failures="0" timestamp="2022-04-04T14:37:41 IST" time="59.429" errors="0">
  <testcase name="usedCarsPopularModelTest" time="59.429" classname="testCase_UsedCarsFunctionality.usedCarsPopularModelsTest"/>
  <system-out/>
</testsuite> <!-- testCase_UsedCarsFunctionality.usedCarsPopularModelsTest -->
