<?xml version="1.0" encoding="UTF-8"?>
<!-- Generated by org.testng.reporters.JUnitReportReporter -->
<testsuite skipped="0" hostname="Isha58" name="testCase_loginSignupFunctionality.loginSignupClickTest" tests="1" failures="0" timestamp="2022-04-04T22:44:20 IST" time="17.741" errors="0">
  <testcase name="loginSignUpClickTest" time="17.741" classname="testCase_loginSignupFunctionality.loginSignupClickTest"/>
  <system-out/>
</testsuite> <!-- testCase_loginSignupFunctionality.loginSignupClickTest -->
