<?xml version="1.0" encoding="UTF-8"?>
<!-- Generated by org.testng.reporters.JUnitReportReporter -->
<testsuite skipped="0" hostname="Isha58" name="testCase_NewBikesFunctionality.upcomingBikesVisibilityTest" tests="1" failures="0" timestamp="2022-04-04T22:44:20 IST" time="17.189" errors="0">
  <testcase name="upcommingBikesVisibleTest" time="17.189" classname="testCase_NewBikesFunctionality.upcomingBikesVisibilityTest"/>
  <system-out/>
</testsuite> <!-- testCase_NewBikesFunctionality.upcomingBikesVisibilityTest -->
