<?xml version="1.0" encoding="UTF-8"?>
<!-- Generated by org.testng.reporters.JUnitReportReporter -->
<testsuite skipped="0" hostname="Isha58" name="testCase_UpcomingBikesDetails.launchDateUpcomingBikesTest" tests="1" failures="0" timestamp="2022-04-04T22:44:20 IST" time="34.845" errors="0">
  <testcase name="launchDateHondaBikesVisbleTest" time="34.845" classname="testCase_UpcomingBikesDetails.launchDateUpcomingBikesTest"/>
  <system-out/>
</testsuite> <!-- testCase_UpcomingBikesDetails.launchDateUpcomingBikesTest -->
