<?xml version="1.0" encoding="UTF-8"?>
<!-- Generated by org.testng.reporters.JUnitReportReporter -->
<testsuite skipped="0" hostname="Isha58" name="testCase_UsedCarsFunctionality.viewSellerDetailsTest" tests="1" failures="0" timestamp="2022-04-04T22:44:20 IST" time="23.903" errors="0">
  <testcase name="usedCarsViewSellerTest" time="23.903" classname="testCase_UsedCarsFunctionality.viewSellerDetailsTest"/>
  <system-out/>
</testsuite> <!-- testCase_UsedCarsFunctionality.viewSellerDetailsTest -->
