<?xml version="1.0" encoding="UTF-8"?>
<!-- Generated by org.testng.reporters.JUnitReportReporter -->
<testsuite skipped="0" hostname="Isha58" name="testCase_UpcomingBikesDetails.nameUpcomingBikesTest" tests="1" failures="0" timestamp="2022-04-04T22:44:20 IST" time="27.684" errors="0">
  <testcase name="nameHondaBikesVisbleTest" time="27.684" classname="testCase_UpcomingBikesDetails.nameUpcomingBikesTest"/>
  <system-out/>
</testsuite> <!-- testCase_UpcomingBikesDetails.nameUpcomingBikesTest -->
