<?xml version="1.0" encoding="UTF-8"?>
<!-- Generated by org.testng.reporters.JUnitReportReporter -->
<testsuite skipped="0" hostname="Isha58" name="testCase_UpcomingBikesDetails.alertMeLaunchTest" tests="1" failures="0" timestamp="2022-04-04T22:44:20 IST" time="37.483" errors="0">
  <testcase name="alertMeTest" time="37.483" classname="testCase_UpcomingBikesDetails.alertMeLaunchTest"/>
  <system-out/>
</testsuite> <!-- testCase_UpcomingBikesDetails.alertMeLaunchTest -->
