<?xml version="1.0" encoding="UTF-8"?>
<!-- Generated by org.testng.reporters.JUnitReportReporter -->
<testsuite skipped="0" hostname="Isha58" name="testCase_ManufacturerFunctionality.viewHondaBikesTest" tests="1" failures="0" timestamp="2022-04-04T22:44:20 IST" time="83.673" errors="0">
  <testcase name="bikeHondaVisbleTest" time="83.673" classname="testCase_ManufacturerFunctionality.viewHondaBikesTest"/>
  <system-out/>
</testsuite> <!-- testCase_ManufacturerFunctionality.viewHondaBikesTest -->
