<?xml version="1.0" encoding="UTF-8"?>
<!-- Generated by org.testng.reporters.JUnitReportReporter -->
<testsuite skipped="0" hostname="Isha58" name="testCase_ManufacturerFunctionality.hondaVisibilityTest" tests="1" failures="0" timestamp="2022-04-04T14:37:41 IST" time="34.325" errors="0">
  <testcase name="hondaVisibleTest" time="34.325" classname="testCase_ManufacturerFunctionality.hondaVisibilityTest"/>
  <system-out/>
</testsuite> <!-- testCase_ManufacturerFunctionality.hondaVisibilityTest -->
