<?xml version="1.0" encoding="UTF-8"?>
<!-- Generated by org.testng.reporters.JUnitReportReporter -->
<testsuite skipped="0" hostname="Isha58" name="testCase_loginSignupFunctionality.loginSignupDisplayedTest" tests="1" failures="0" timestamp="2022-04-04T22:44:20 IST" time="15.835" errors="0">
  <testcase name="logSignVisibilityTest" time="15.835" classname="testCase_loginSignupFunctionality.loginSignupDisplayedTest"/>
  <system-out/>
</testsuite> <!-- testCase_loginSignupFunctionality.loginSignupDisplayedTest -->
