<?xml version="1.0" encoding="UTF-8"?>
<!-- Generated by org.testng.reporters.JUnitReportReporter -->
<testsuite skipped="0" hostname="Isha58" name="testCase_UsedCarsFunctionality.usedCarsPopularModelsTest" tests="1" failures="0" timestamp="2022-04-04T22:44:20 IST" time="32.399" errors="0">
  <testcase name="usedCarsPopularModelTest" time="32.399" classname="testCase_UsedCarsFunctionality.usedCarsPopularModelsTest"/>
  <system-out/>
</testsuite> <!-- testCase_UsedCarsFunctionality.usedCarsPopularModelsTest -->
