<?xml version="1.0" encoding="UTF-8"?>
<!-- Generated by org.testng.reporters.JUnitReportReporter -->
<testsuite skipped="0" hostname="Isha58" name="testCase_NewBikesFunctionality.upcomingBikesVisibilityTest" tests="1" failures="0" timestamp="2022-04-04T14:37:41 IST" time="28.133" errors="0">
  <testcase name="upcommingBikesVisibleTest" time="28.133" classname="testCase_NewBikesFunctionality.upcomingBikesVisibilityTest"/>
  <system-out/>
</testsuite> <!-- testCase_NewBikesFunctionality.upcomingBikesVisibilityTest -->
