<?xml version="1.0" encoding="UTF-8"?>
<!-- Generated by org.testng.reporters.JUnitReportReporter -->
<testsuite skipped="0" hostname="Isha58" name="testingbuild.test1" tests="1" failures="0" timestamp="2022-04-04T14:37:41 IST" time="0.000" errors="0">
  <testcase name="test" time="0.000" classname="testingbuild.test1"/>
  <system-out/>
</testsuite> <!-- testingbuild.test1 -->
