<?xml version="1.0" encoding="UTF-8"?>
<!-- Generated by org.testng.reporters.JUnitReportReporter -->
<testsuite skipped="0" hostname="Isha58" name="testCase_NewBikesFunctionality.newBikesTabVisibleTest" tests="1" failures="0" timestamp="2022-04-04T14:37:41 IST" time="25.354" errors="0">
  <testcase name="newBikesVisibleTest" time="25.354" classname="testCase_NewBikesFunctionality.newBikesTabVisibleTest"/>
  <system-out/>
</testsuite> <!-- testCase_NewBikesFunctionality.newBikesTabVisibleTest -->
