<?xml version="1.0" encoding="UTF-8"?>
<!-- Generated by org.testng.reporters.JUnitReportReporter -->
<testsuite skipped="0" hostname="Isha58" name="testCase_ManufacturerFunctionality.hondaVisibilityTest" tests="1" failures="0" timestamp="2022-04-04T22:44:20 IST" time="21.693" errors="0">
  <testcase name="hondaVisibleTest" time="21.693" classname="testCase_ManufacturerFunctionality.hondaVisibilityTest"/>
  <system-out/>
</testsuite> <!-- testCase_ManufacturerFunctionality.hondaVisibilityTest -->
