<?xml version="1.0" encoding="UTF-8"?>
<!-- Generated by org.testng.reporters.JUnitReportReporter -->
<testsuite skipped="0" hostname="Isha58" name="testCase_loginSignupFunctionality.loginSignupGoogleClickTest" tests="1" failures="0" timestamp="2022-04-04T14:37:41 IST" time="35.021" errors="0">
  <testcase name="loginGoogleClickTest" time="35.021" classname="testCase_loginSignupFunctionality.loginSignupGoogleClickTest"/>
  <system-out/>
</testsuite> <!-- testCase_loginSignupFunctionality.loginSignupGoogleClickTest -->
