<?xml version="1.0" encoding="UTF-8"?>
<!-- Generated by org.testng.reporters.JUnitReportReporter -->
<testsuite skipped="0" hostname="Isha58" name="testCase_UsedCarsFunctionality.usedCarsChennaiVisibilityTest" tests="1" failures="0" timestamp="2022-04-04T22:44:20 IST" time="16.961" errors="0">
  <testcase name="usedCarsChennaiVisibleTest" time="16.961" classname="testCase_UsedCarsFunctionality.usedCarsChennaiVisibilityTest"/>
  <system-out/>
</testsuite> <!-- testCase_UsedCarsFunctionality.usedCarsChennaiVisibilityTest -->
