<?xml version="1.0" encoding="UTF-8"?>
<!-- Generated by org.testng.reporters.JUnitReportReporter -->
<testsuite hostname="Predator" failures="0" tests="1" name="testCase_loginSignupFunctionality.LoginWithGoogleInvalidPasswordTest" time="10.068" errors="0" timestamp="2022-04-02T15:55:36 IST" skipped="0">
  <testcase classname="testCase_loginSignupFunctionality.LoginWithGoogleInvalidPasswordTest" name="GoogleInvalidPasswordTest" time="10.068"/>
  <system-out/>
</testsuite> <!-- testCase_loginSignupFunctionality.LoginWithGoogleInvalidPasswordTest -->
