<?xml version="1.0" encoding="UTF-8"?>
<!-- Generated by org.testng.reporters.JUnitReportReporter -->
<testsuite hostname="Predator" failures="0" tests="1" name="testCase_loginSignupFunctionality.loginSignupClickTest" time="12.013" errors="0" timestamp="2022-04-02T16:25:01 IST" skipped="0">
  <testcase classname="testCase_loginSignupFunctionality.loginSignupClickTest" name="loginTest" time="12.013"/>
  <system-out/>
</testsuite> <!-- testCase_loginSignupFunctionality.loginSignupClickTest -->
