<?xml version="1.0" encoding="UTF-8"?>
<!-- Generated by org.testng.reporters.JUnitReportReporter -->
<testsuite hostname="Isha58" failures="0" tests="1" name="testCase_ManufacturerFunctionality.viewHondaBikesTest" time="37.284" errors="0" timestamp="2022-04-03T12:24:15 IST" skipped="0">
  <testcase classname="testCase_ManufacturerFunctionality.viewHondaBikesTest" name="manufacturerHondaVisbleTest" time="37.284"/>
  <system-out/>
</testsuite> <!-- testCase_ManufacturerFunctionality.viewHondaBikesTest -->
