<?xml version="1.0" encoding="UTF-8"?>
<!-- Generated by org.testng.reporters.JUnitReportReporter -->
<testsuite hostname="Isha58" failures="0" tests="1" name="testCase_UpcomingBikesDetails.launchDateUpcomingBikesTest" time="38.370" errors="0" timestamp="2022-04-04T10:49:52 IST" skipped="0">
  <testcase classname="testCase_UpcomingBikesDetails.launchDateUpcomingBikesTest" name="launchDateHondaBikesVisbleTest" time="38.370"/>
  <system-out/>
</testsuite> <!-- testCase_UpcomingBikesDetails.launchDateUpcomingBikesTest -->
