<?xml version="1.0" encoding="UTF-8"?>
<!-- Generated by org.testng.reporters.JUnitReportReporter -->
<testsuite hostname="Isha58" failures="0" tests="1" name="testCase_UpcomingBikesDetails.alertMeLaunchTest" time="57.393" errors="0" timestamp="2022-04-04T10:49:52 IST" skipped="0">
  <testcase classname="testCase_UpcomingBikesDetails.alertMeLaunchTest" name="alertMeTest" time="57.393"/>
  <system-out/>
</testsuite> <!-- testCase_UpcomingBikesDetails.alertMeLaunchTest -->
