<?xml version="1.0" encoding="UTF-8"?>
<!-- Generated by org.testng.reporters.JUnitReportReporter -->
<testsuite hostname="Predator" failures="0" tests="1" name="testCase_UsedCarsFunctionality.usedCarsTabVisibleTest" time="9.701" errors="0" timestamp="2022-04-02T15:55:36 IST" skipped="0">
  <testcase classname="testCase_UsedCarsFunctionality.usedCarsTabVisibleTest" name="usedCarsVisibleTest" time="9.701"/>
  <system-out/>
</testsuite> <!-- testCase_UsedCarsFunctionality.usedCarsTabVisibleTest -->
