<?xml version="1.0" encoding="UTF-8"?>
<!-- Generated by org.testng.reporters.JUnitReportReporter -->
<testsuite hostname="Isha58" failures="0" tests="1" name="TestCases.UsedCarsTest" time="36.598" errors="0" timestamp="27 Mar 2022 07:21:13 GMT" skipped="0">
  <testcase classname="TestCases.UsedCarsTest" name="usedCarsTest" time="36.598"/>
</testsuite> <!-- TestCases.UsedCarsTest -->
