<?xml version="1.0" encoding="UTF-8"?>
<!-- Generated by org.testng.reporters.JUnitReportReporter -->
<testsuite hostname="Isha58" failures="0" tests="1" name="testCase_loginSignupFunctionality.LoginWithGoogleInvalidPasswordTest" time="37.390" errors="0" timestamp="2022-04-07T10:06:23 IST" skipped="0">
  <testcase classname="testCase_loginSignupFunctionality.LoginWithGoogleInvalidPasswordTest" name="GoogleInvalidPasswordTest" time="37.390"/>
  <system-out/>
</testsuite> <!-- testCase_loginSignupFunctionality.LoginWithGoogleInvalidPasswordTest -->
