<?xml version="1.0" encoding="UTF-8"?>
<!-- Generated by org.testng.reporters.JUnitReportReporter -->
<testsuite hostname="Predator" failures="0" tests="1" name="testCase_UsedCarsFunctionality.usedCarsTabVisibleTest" time="11.050" errors="0" timestamp="2022-04-05T16:25:03 IST" skipped="0">
  <testcase classname="testCase_UsedCarsFunctionality.usedCarsTabVisibleTest" name="usedCarsVisibleTest" time="11.050"/>
  <system-out/>
</testsuite> <!-- testCase_UsedCarsFunctionality.usedCarsTabVisibleTest -->
