<?xml version="1.0" encoding="UTF-8"?>
<!-- Generated by org.testng.reporters.JUnitReportReporter -->
<testsuite hostname="Isha58" failures="0" tests="1" name="testingbuild.test1" time="0.018" errors="0" timestamp="2022-04-04T13:43:26 IST" skipped="0">
  <testcase classname="testingbuild.test1" name="test" time="0.018"/>
  <system-out/>
</testsuite> <!-- testingbuild.test1 -->
