<?xml version="1.0" encoding="UTF-8"?>
<!-- Generated by org.testng.reporters.JUnitReportReporter -->
<testsuite hostname="Isha58" failures="0" tests="1" name="testCase_NewBikesFunctionality.newBikesTabVisibleTest" time="109.521" errors="0" timestamp="2022-04-05T10:51:56 IST" skipped="0">
  <testcase classname="testCase_NewBikesFunctionality.newBikesTabVisibleTest" name="newBikesVisibleTest" time="109.521"/>
  <system-out/>
</testsuite> <!-- testCase_NewBikesFunctionality.newBikesTabVisibleTest -->
