<?xml version="1.0" encoding="UTF-8"?>
<!-- Generated by org.testng.reporters.JUnitReportReporter -->
<testsuite hostname="Isha58" failures="0" tests="1" name="testCase_loginSignupFunctionality.LoginWithFacebookInvalidEmailTest" time="22.892" errors="0" timestamp="2022-04-05T16:44:35 IST" skipped="0">
  <testcase classname="testCase_loginSignupFunctionality.LoginWithFacebookInvalidEmailTest" name="FacebookInvalidEmailLoginTest" time="22.892"/>
  <system-out/>
</testsuite> <!-- testCase_loginSignupFunctionality.LoginWithFacebookInvalidEmailTest -->
