<?xml version="1.0" encoding="UTF-8"?>
<!-- Generated by org.testng.reporters.JUnitReportReporter -->
<testsuite hostname="Isha58" failures="0" tests="1" name="testCase_UsedCarsFunctionality.usedCarsPopularModelsTest" time="51.612" errors="0" timestamp="2022-04-07T10:06:23 IST" skipped="0">
  <testcase classname="testCase_UsedCarsFunctionality.usedCarsPopularModelsTest" name="usedCarsPopularModelTest" time="51.612"/>
  <system-out/>
</testsuite> <!-- testCase_UsedCarsFunctionality.usedCarsPopularModelsTest -->
